[debug] [2026-01-08T10:05:07.880Z] [Firebase Plugin] Activating Firebase extension.
[debug] [2026-01-08T10:05:14.148Z] [Firebase Plugin] requireAuthWrapper
[debug] [2026-01-08T10:05:14.153Z] > command requires scopes: ["email","openid","https://www.googleapis.com/auth/cloudplatformprojects.readonly","https://www.googleapis.com/auth/firebase","https://www.googleapis.com/auth/cloud-platform"]
[debug] [2026-01-08T10:05:14.154Z] > authorizing via signed-in user (badreiko@gmail.com)
[debug] [2026-01-08T10:05:14.158Z] Checked if tokens are valid: false, expires at: 1767865133663
[debug] [2026-01-08T10:05:14.158Z] Checked if tokens are valid: false, expires at: 1767865133663
[debug] [2026-01-08T10:05:14.159Z] > refreshing access token with scopes: []
[debug] [2026-01-08T10:05:14.161Z] >>> [apiv2][query] POST https://www.googleapis.com/oauth2/v3/token [none]
[debug] [2026-01-08T10:05:14.161Z] >>> [apiv2][body] POST https://www.googleapis.com/oauth2/v3/token [omitted]
[debug] [2026-01-08T10:05:14.175Z] [Firebase Plugin] VSCode notification server listening on port 40001
[info] [Firebase Plugin] Starting Data Connect toolkit (version 3.0.0) on port 50001
[debug] [2026-01-08T10:05:16.968Z] I0108 11:05:16.927907    3836 control.go:94] [/emulator/volleyball-tournament-tracker e003] UpdateResources(): done
Main schema: sources: schema\schema.gql [1992B] 
Connector "example": sources: example\mutations.gql [1243B] example\queries.gql [1801B] 
 {"metadata":{"emulator":{"name":"dataconnect"},"message":"I0108 11:05:16.927907    3836 control.go:94] [/emulator/volleyball-tournament-tracker e003] UpdateResources(): done\nMain schema: sources: schema\\schema.gql [1992B] \nConnector \"example\": sources: example\\mutations.gql [1243B] example\\queries.gql [1801B] \n"}}
[debug] [2026-01-08T10:05:16.969Z] Ignoring unsupported arg: auto_download {"metadata":{"emulator":{"name":"dataconnect"},"message":"Ignoring unsupported arg: auto_download"}}
[debug] [2026-01-08T10:05:16.969Z] Ignoring unsupported arg: port {"metadata":{"emulator":{"name":"dataconnect"},"message":"Ignoring unsupported arg: port"}}
[debug] [2026-01-08T10:05:16.969Z] Starting Data Connect Emulator with command {"binary":"C:\\Users\\badre\\.cache\\firebase\\emulators\\dataconnect-emulator-3.0.0.exe","args":["--logtostderr","-v=2","dev","--listen=localhost:50001","--config_dir=c:\\Users\\badre\\CascadeProjects\\volleyball-tournament-tracker\\dataconnect","--enable_output_schema_extensions=true","--enable_output_generated_sdk=true"],"optionalArgs":["listen","config_dir","enable_output_schema_extensions","enable_output_generated_sdk"],"joinArgs":true,"shell":false,"port":9399} {"metadata":{"emulator":{"name":"dataconnect"},"message":"Starting Data Connect Emulator with command {\"binary\":\"C:\\\\Users\\\\badre\\\\.cache\\\\firebase\\\\emulators\\\\dataconnect-emulator-3.0.0.exe\",\"args\":[\"--logtostderr\",\"-v=2\",\"dev\",\"--listen=localhost:50001\",\"--config_dir=c:\\\\Users\\\\badre\\\\CascadeProjects\\\\volleyball-tournament-tracker\\\\dataconnect\",\"--enable_output_schema_extensions=true\",\"--enable_output_generated_sdk=true\"],\"optionalArgs\":[\"listen\",\"config_dir\",\"enable_output_schema_extensions\",\"enable_output_generated_sdk\"],\"joinArgs\":true,\"shell\":false,\"port\":9399}"}}
[info] i  dataconnect: Data Connect Emulator logging to dataconnect-debug.log {"metadata":{"emulator":{"name":"dataconnect"},"message":"Data Connect Emulator logging to \u001b[1mdataconnect-debug.log\u001b[22m"}}
[debug] [2026-01-08T10:05:17.027Z] [Firebase Plugin] Value of process.env.MONOSPACE_ENV: undefined
[debug] [2026-01-08T10:05:17.028Z] [Firebase Plugin] requireAuthWrapper
[debug] [2026-01-08T10:05:17.029Z] > command requires scopes: ["email","openid","https://www.googleapis.com/auth/cloudplatformprojects.readonly","https://www.googleapis.com/auth/firebase","https://www.googleapis.com/auth/cloud-platform"]
[debug] [2026-01-08T10:05:17.030Z] > authorizing via signed-in user (badreiko@gmail.com)
[debug] [2026-01-08T10:05:17.031Z] Checked if tokens are valid: false, expires at: 1767865133663
[debug] [2026-01-08T10:05:17.032Z] Checked if tokens are valid: false, expires at: 1767865133663
[debug] [2026-01-08T10:05:17.033Z] > refreshing access token with scopes: []
[debug] [2026-01-08T10:05:17.034Z] >>> [apiv2][query] POST https://www.googleapis.com/oauth2/v3/token [none]
[debug] [2026-01-08T10:05:17.034Z] >>> [apiv2][body] POST https://www.googleapis.com/oauth2/v3/token [omitted]
[debug] [2026-01-08T10:05:17.048Z] [Firebase Plugin] Value of process.env.MONOSPACE_ENV: undefined
[debug] [2026-01-08T10:05:17.048Z] [Firebase Plugin] requireAuthWrapper
[debug] [2026-01-08T10:05:17.051Z] > command requires scopes: ["email","openid","https://www.googleapis.com/auth/cloudplatformprojects.readonly","https://www.googleapis.com/auth/firebase","https://www.googleapis.com/auth/cloud-platform"]
[debug] [2026-01-08T10:05:17.052Z] > authorizing via signed-in user (badreiko@gmail.com)
[debug] [2026-01-08T10:05:17.053Z] Checked if tokens are valid: false, expires at: 1767865133663
[debug] [2026-01-08T10:05:17.053Z] Checked if tokens are valid: false, expires at: 1767865133663
[debug] [2026-01-08T10:05:17.053Z] > refreshing access token with scopes: []
[debug] [2026-01-08T10:05:17.054Z] >>> [apiv2][query] POST https://www.googleapis.com/oauth2/v3/token [none]
[debug] [2026-01-08T10:05:17.054Z] >>> [apiv2][body] POST https://www.googleapis.com/oauth2/v3/token [omitted]
[debug] [2026-01-08T10:05:17.068Z] Emulator locator file path: C:\Users\badre\AppData\Local\Temp\hub-volleyball-tournament-tr-f8cd2.json
[debug] [2026-01-08T10:05:17.080Z] I0108 11:05:17.010947   13580 load.go:31] Reloading schema and connectors...
 {"metadata":{"emulator":{"name":"dataconnect"},"message":"I0108 11:05:17.010947   13580 load.go:31] Reloading schema and connectors...\n"}}
[debug] [2026-01-08T10:05:17.120Z] I0108 11:05:17.095710   13580 control.go:94] [/emulator/volleyball-tournament-tracker 8261] UpdateResources(): done
Main schema: sources: schema\schema.gql [1992B] 
Connector "example": sources: example\mutations.gql [1243B] example\queries.gql [1801B] 
 {"metadata":{"emulator":{"name":"dataconnect"},"message":"I0108 11:05:17.095710   13580 control.go:94] [/emulator/volleyball-tournament-tracker 8261] UpdateResources(): done\nMain schema: sources: schema\\schema.gql [1992B] \nConnector \"example\": sources: example\\mutations.gql [1243B] example\\queries.gql [1801B] \n"}}
[debug] [2026-01-08T10:05:17.196Z] I0108 11:05:17.179786   13580 codegen.go:80] [connector "example" javascriptSdk] Generating sources into "c:\\Users\\badre\\CascadeProjects\\volleyball-tournament-tracker\\src\\dataconnect-generated"
 {"metadata":{"emulator":{"name":"dataconnect"},"message":"I0108 11:05:17.179786   13580 codegen.go:80] [connector \"example\" javascriptSdk] Generating sources into \"c:\\\\Users\\\\badre\\\\CascadeProjects\\\\volleyball-tournament-tracker\\\\src\\\\dataconnect-generated\"\n"}}
[debug] [2026-01-08T10:05:17.274Z] I0108 11:05:17.217581   13580 collector.go:107] schema extensions wrote into "c:\\Users\\badre\\CascadeProjects\\volleyball-tournament-tracker\\dataconnect\\.dataconnect\\schema"
Generated sources: main\mutation.gql [13679B] prelude.gql [73219B] main\implicit.gql [1261B] main\input.gql [28173B] main\relation.gql [14318B] main\query.gql [5099B] 
I0108 11:05:17.257836   13580 collector.go:107] connector "example" javascriptSdk wrote into "c:\\Users\\badre\\CascadeProjects\\volleyball-tournament-tracker\\src\\dataconnect-generated"
Generated sources: .guides/usage.md [3489B] .guides/setup.md [1682B] index.d.ts [8025B] README.md [40931B] react\package.json [460B] react\esm\package.json [17B] react\README.md [48299B] .guides/config.json [236B] esm\package.json [17B] package.json [863B] react\index.cjs.js [3439B] react\esm\index.esm.js [3269B] esm\index.esm.js [3579B] index.cjs.js [4069B] react\index.d.ts [3961B] 
 {"metadata":{"emulator":{"name":"dataconnect"},"message":"I0108 11:05:17.217581   13580 collector.go:107] schema extensions wrote into \"c:\\\\Users\\\\badre\\\\CascadeProjects\\\\volleyball-tournament-tracker\\\\dataconnect\\\\.dataconnect\\\\schema\"\nGenerated sources: main\\mutation.gql [13679B] prelude.gql [73219B] main\\implicit.gql [1261B] main\\input.gql [28173B] main\\relation.gql [14318B] main\\query.gql [5099B] \nI0108 11:05:17.257836   13580 collector.go:107] connector \"example\" javascriptSdk wrote into \"c:\\\\Users\\\\badre\\\\CascadeProjects\\\\volleyball-tournament-tracker\\\\src\\\\dataconnect-generated\"\nGenerated sources: .guides/usage.md [3489B] .guides/setup.md [1682B] index.d.ts [8025B] README.md [40931B] react\\package.json [460B] react\\esm\\package.json [17B] react\\README.md [48299B] .guides/config.json [236B] esm\\package.json [17B] package.json [863B] react\\index.cjs.js [3439B] react\\esm\\index.esm.js [3269B] esm\\index.esm.js [3579B] index.cjs.js [4069B] react\\index.d.ts [3961B] \n"}}
[debug] [2026-01-08T10:05:17.358Z] I0108 11:05:17.325293   13580 installsdk.go:55] Package @dataconnect/generated is already installed. Skipping installation
I0108 11:05:17.325293   13580 load.go:109] Finished reloading
 {"metadata":{"emulator":{"name":"dataconnect"},"message":"I0108 11:05:17.325293   13580 installsdk.go:55] Package @dataconnect/generated is already installed. Skipping installation\nI0108 11:05:17.325293   13580 load.go:109] Finished reloading\n"}}
[debug] [2026-01-08T10:05:17.394Z] I0108 11:05:17.358374   13580 dev.go:104] Listening on address (HTTP + gRPC): 127.0.0.1:50001
 {"metadata":{"emulator":{"name":"dataconnect"},"message":"I0108 11:05:17.358374   13580 dev.go:104] Listening on address (HTTP + gRPC): 127.0.0.1:50001\n"}}
[debug] [2026-01-08T10:05:17.395Z] <<< [apiv2][status] POST https://www.googleapis.com/oauth2/v3/token 200
[debug] [2026-01-08T10:05:17.395Z] <<< [apiv2][body] POST https://www.googleapis.com/oauth2/v3/token [omitted]
[debug] [2026-01-08T10:05:17.461Z] [Firebase Plugin] User found:  badreiko@gmail.com
[info] [Firebase Plugin] (Core:Project) New user detected, fetching projects
[debug] [2026-01-08T10:05:17.463Z] Checked if tokens are valid: true, expires at: 1767870316396
[debug] [2026-01-08T10:05:17.466Z] >>> [apiv2][query] GET https://firebase.googleapis.com/v1beta1/projects pageSize=1000
[debug] [2026-01-08T10:05:19.162Z] I0108 11:05:18.445576   13580 engine.go:179] [/emulator/volleyball-tournament-tracker 8261] ExecuteGraphqlRead IntrospectionQuery: succeeded. 
 {"metadata":{"emulator":{"name":"dataconnect"},"message":"I0108 11:05:18.445576   13580 engine.go:179] [/emulator/volleyball-tournament-tracker 8261] ExecuteGraphqlRead IntrospectionQuery: succeeded. \n"}}
[debug] [2026-01-08T10:05:19.614Z] <<< [apiv2][status] POST https://www.googleapis.com/oauth2/v3/token 200
[debug] [2026-01-08T10:05:19.614Z] <<< [apiv2][body] POST https://www.googleapis.com/oauth2/v3/token [omitted]
[debug] [2026-01-08T10:05:19.658Z] [Firebase Plugin] User found:  badreiko@gmail.com
[info] [Firebase Plugin] (Core:Project) New user detected, fetching projects
[debug] [2026-01-08T10:05:19.661Z] Checked if tokens are valid: true, expires at: 1767870318615
[debug] [2026-01-08T10:05:19.662Z] >>> [apiv2][query] GET https://firebase.googleapis.com/v1beta1/projects pageSize=1000
[debug] [2026-01-08T10:05:19.755Z] <<< [apiv2][status] POST https://www.googleapis.com/oauth2/v3/token 200
[debug] [2026-01-08T10:05:19.755Z] <<< [apiv2][body] POST https://www.googleapis.com/oauth2/v3/token [omitted]
[debug] [2026-01-08T10:05:19.801Z] [Firebase Plugin] User found:  badreiko@gmail.com
[info] [Firebase Plugin] (Core:Project) New user detected, fetching projects
[debug] [2026-01-08T10:05:19.803Z] Checked if tokens are valid: true, expires at: 1767870318756
[debug] [2026-01-08T10:05:19.804Z] >>> [apiv2][query] GET https://firebase.googleapis.com/v1beta1/projects pageSize=1000
[debug] [2026-01-08T10:05:19.928Z] <<< [apiv2][status] GET https://firebase.googleapis.com/v1beta1/projects 200
[debug] [2026-01-08T10:05:19.929Z] <<< [apiv2][body] GET https://firebase.googleapis.com/v1beta1/projects [omitted]
[debug] [2026-01-08T10:05:21.207Z] <<< [apiv2][status] GET https://firebase.googleapis.com/v1beta1/projects 200
[debug] [2026-01-08T10:05:21.208Z] <<< [apiv2][body] GET https://firebase.googleapis.com/v1beta1/projects [omitted]
[debug] [2026-01-08T10:05:21.213Z] <<< [apiv2][status] GET https://firebase.googleapis.com/v1beta1/projects 200
[debug] [2026-01-08T10:05:21.213Z] <<< [apiv2][body] GET https://firebase.googleapis.com/v1beta1/projects [omitted]
